The Mean of dataset is 60.32
The Mean of dataset is 444.777777778
START APP
START APP
START APP
START APP
START APP
START APP
START APP
START APP
START APP
1;2 Is not a float
The Standar deviation of dataset is 16162075.0047
The Standar deviation of dataset is 16162075.0047
START APP
1;2 Is not a float
The Standar deviation of dataset is 16162075.0047
The Standar deviation of dataset is 16162075.0047
START APP
1;2 Is not a float
The Standar deviation of dataset is 16162075.0047
The Mean of dataset is 6226552.75
The Mean of dataset is 60.32
The Standar deviation of dataset is 59.0610667022
The Mean of dataset is 444.777777778
The Standar deviation of dataset is 463.930257636
The Mean of dataset is 60.32
The Standar deviation of dataset is 59.0610667022
The Mean of dataset is 444.777777778
The Standar deviation of dataset is 463.930257636
The Mean of dataset is 60.32
The Standar deviation of dataset is 59.0610667022
The Mean of dataset is 444.777777778
The Standar deviation of dataset is 463.930257636
The Mean of dataset is 60.32
The Standar deviation of dataset is 59.0610667022
The Mean of dataset is 444.777777778
The Standar deviation of dataset is 463.930257636
The Mean of dataset is 60.32
The Mean of dataset is 444.777777778
The Mean of dataset is 60.32
The Standar deviation of dataset is 62.255830606
The Mean of dataset is 444.777777778
The Standar deviation of dataset is 492.072346759
The Mean of dataset is 60.32
The Standar deviation of dataset is 62.255830606
The Mean of dataset is 550.6
The Standar deviation of dataset is 572.026844747
The Mean of dataset is 60.32
The Mean of dataset is 550.6
The Mean of dataset is 60.32
The Mean of dataset is 60.32
The Mean of dataset is 62.255830606
The Mean of dataset is 550.6
The Mean of dataset is 550.6
The Mean of dataset is 572.026844747
The Mean of dataset is 60.32
The Mean of dataset is 60.32
The Mean of dataset is 62.255830606
The Mean of dataset is 550.6
The Mean of dataset is 550.6
The Mean of dataset is 572.026844747
START APP
1;2 Is not a float
The Mean of dataset is 6918091.61111
The Mean of dataset is 17385207.8364
The Mean of dataset is 6918091.61111
START APP
1;2 Is not a float
The Mean of dataset is 6918091.61111
The Mean of dataset is 17385207.8364
The Mean of dataset is 6918091.61111
START APP
1;2 Is not a float
The Mean of dataset is 6918091.61111
The Std of dataset is 17385207.8364
The Mean of dataset is 6918091.61111
START APP
1;2 Is not a float
The Mean of dataset is 6918091.61111
The Std of dataset is 17385207.8364
The Mean of dataset is 6918091.61111
START APP
1;2 Is not a float
The Mean of dataset is 6918091.61111
The Std of dataset is 17385207.8364
The Mean of dataset is 6918091.61111
The Mean of dataset is 60.32
The Mean of dataset is 60.32
The Std of dataset is 62.255830606
The Mean of dataset is 550.6
The Mean of dataset is 550.6
The Std of dataset is 572.026844747
The Mean of dataset is 60.32
The Mean of dataset is 60.32
The Std of dataset is 62.255830606
The Mean of dataset is 550.6
The Mean of dataset is 550.6
The Std of dataset is 572.026844747
START APP
START APP
1;2 Is not a float
The Mean of dataset is 6918091.61111
The Std of dataset is 17385207.8364
START APP
1;2 Is not a float
The Mean of dataset is 6918091.61111
The Std of dataset is 17385207.8364
The Mean of dataset is 6918091.61111
The Mean of dataset is 60.32
The Mean of dataset is 60.32
The Std of dataset is 62.255830606
The Mean of dataset is 550.6
The Mean of dataset is 550.6
The Std of dataset is 572.026844747
The Mean of dataset is 60.32
The Mean of dataset is 60.32
The Std of dataset is 62.255830606
The Mean of dataset is 550.6
The Mean of dataset is 550.6
The Std of dataset is 572.026844747
